[100%] Built target shared_proto_msgs
-- Install configuration: ""
-- Up-to-date: /home/viniciuscas/Desktop/dev/carrossel-caipira/grSim_ws/exemploAula/install/shared_proto/lib/libshared_proto_msgs.a
-- Up-to-date: /home/viniciuscas/Desktop/dev/carrossel-caipira/grSim_ws/exemploAula/install/shared_proto/share/shared_proto/cmake/export_shared_proto_msgs.cmake
-- Up-to-date: /home/viniciuscas/Desktop/dev/carrossel-caipira/grSim_ws/exemploAula/install/shared_proto/share/shared_proto/cmake/export_shared_proto_msgs-noconfig.cmake
-- Up-to-date: /home/viniciuscas/Desktop/dev/carrossel-caipira/grSim_ws/exemploAula/install/shared_proto/share/ament_index/resource_index/package_run_dependencies/shared_proto
-- Up-to-date: /home/viniciuscas/Desktop/dev/carrossel-caipira/grSim_ws/exemploAula/install/shared_proto/share/ament_index/resource_index/parent_prefix_path/shared_proto
-- Up-to-date: /home/viniciuscas/Desktop/dev/carrossel-caipira/grSim_ws/exemploAula/install/shared_proto/share/shared_proto/environment/ament_prefix_path.sh
-- Up-to-date: /home/viniciuscas/Desktop/dev/carrossel-caipira/grSim_ws/exemploAula/install/shared_proto/share/shared_proto/environment/ament_prefix_path.dsv
-- Up-to-date: /home/viniciuscas/Desktop/dev/carrossel-caipira/grSim_ws/exemploAula/install/shared_proto/share/shared_proto/environment/path.sh
-- Up-to-date: /home/viniciuscas/Desktop/dev/carrossel-caipira/grSim_ws/exemploAula/install/shared_proto/share/shared_proto/environment/path.dsv
-- Up-to-date: /home/viniciuscas/Desktop/dev/carrossel-caipira/grSim_ws/exemploAula/install/shared_proto/share/shared_proto/local_setup.bash
-- Up-to-date: /home/viniciuscas/Desktop/dev/carrossel-caipira/grSim_ws/exemploAula/install/shared_proto/share/shared_proto/local_setup.sh
-- Up-to-date: /home/viniciuscas/Desktop/dev/carrossel-caipira/grSim_ws/exemploAula/install/shared_proto/share/shared_proto/local_setup.zsh
-- Up-to-date: /home/viniciuscas/Desktop/dev/carrossel-caipira/grSim_ws/exemploAula/install/shared_proto/share/shared_proto/local_setup.dsv
-- Installing: /home/viniciuscas/Desktop/dev/carrossel-caipira/grSim_ws/exemploAula/install/shared_proto/share/shared_proto/package.dsv
-- Up-to-date: /home/viniciuscas/Desktop/dev/carrossel-caipira/grSim_ws/exemploAula/install/shared_proto/share/ament_index/resource_index/packages/shared_proto
-- Up-to-date: /home/viniciuscas/Desktop/dev/carrossel-caipira/grSim_ws/exemploAula/install/shared_proto/share/shared_proto/cmake/export_shared_proto_msgsExport.cmake
-- Up-to-date: /home/viniciuscas/Desktop/dev/carrossel-caipira/grSim_ws/exemploAula/install/shared_proto/share/shared_proto/cmake/export_shared_proto_msgsExport-noconfig.cmake
-- Up-to-date: /home/viniciuscas/Desktop/dev/carrossel-caipira/grSim_ws/exemploAula/install/shared_proto/share/shared_proto/cmake/ament_cmake_export_include_directories-extras.cmake
-- Up-to-date: /home/viniciuscas/Desktop/dev/carrossel-caipira/grSim_ws/exemploAula/install/shared_proto/share/shared_proto/cmake/ament_cmake_export_targets-extras.cmake
-- Up-to-date: /home/viniciuscas/Desktop/dev/carrossel-caipira/grSim_ws/exemploAula/install/shared_proto/share/shared_proto/cmake/ament_cmake_export_dependencies-extras.cmake
-- Up-to-date: /home/viniciuscas/Desktop/dev/carrossel-caipira/grSim_ws/exemploAula/install/shared_proto/share/shared_proto/cmake/shared_protoConfig.cmake
-- Up-to-date: /home/viniciuscas/Desktop/dev/carrossel-caipira/grSim_ws/exemploAula/install/shared_proto/share/shared_proto/cmake/shared_protoConfig-version.cmake
-- Up-to-date: /home/viniciuscas/Desktop/dev/carrossel-caipira/grSim_ws/exemploAula/install/shared_proto/share/shared_proto/package.xml
