[0.147s] DEBUG:colcon:Command line arguments: ['/usr/bin/colcon', 'build', '--packages-select', 'grsim_sender']
[0.147s] DEBUG:colcon:Parsed command line arguments: Namespace(log_base=None, log_level=None, verb_name='build', build_base='build', install_base='install', merge_install=False, symlink_install=False, test_result_base=None, continue_on_error=False, executor='parallel', parallel_workers=8, event_handlers=None, ignore_user_meta=False, metas=['./colcon.meta'], base_paths=['.'], packages_ignore=None, packages_ignore_regex=None, paths=None, packages_up_to=None, packages_up_to_regex=None, packages_above=None, packages_above_and_dependencies=None, packages_above_depth=None, packages_select_by_dep=None, packages_skip_by_dep=None, packages_skip_up_to=None, packages_select_build_failed=False, packages_skip_build_finished=False, packages_select_test_failures=False, packages_skip_test_passed=False, packages_select=['grsim_sender'], packages_skip=None, packages_select_regex=None, packages_skip_regex=None, packages_start=None, packages_end=None, allow_overriding=[], cmake_args=None, cmake_target=None, cmake_target_skip_unavailable=False, cmake_clean_cache=False, cmake_clean_first=False, cmake_force_configure=False, ament_cmake_args=None, catkin_cmake_args=None, catkin_skip_building_tests=False, verb_parser=<colcon_defaults.argument_parser.defaults.DefaultArgumentsDecorator object at 0x7919e1a7a650>, verb_extension=<colcon_core.verb.build.BuildVerb object at 0x7919e1a7a410>, main=<bound method BuildVerb.main of <colcon_core.verb.build.BuildVerb object at 0x7919e1a7a410>>)
[0.376s] Level 1:colcon.colcon_core.package_discovery:discover_packages(colcon_meta) check parameters
[0.376s] Level 1:colcon.colcon_core.package_discovery:discover_packages(recursive) check parameters
[0.376s] Level 1:colcon.colcon_core.package_discovery:discover_packages(ignore) check parameters
[0.376s] Level 1:colcon.colcon_core.package_discovery:discover_packages(path) check parameters
[0.376s] Level 1:colcon.colcon_core.package_discovery:discover_packages(colcon_meta) discover
[0.376s] Level 1:colcon.colcon_core.package_discovery:discover_packages(recursive) discover
[0.376s] INFO:colcon.colcon_core.package_discovery:Crawling recursively for packages in '/home/viniciuscas/Desktop/dev/carrossel-caipira/grSim_ws/exemploAula'
[0.376s] Level 1:colcon.colcon_core.package_identification:_identify(.) by extensions ['ignore', 'ignore_ament_install']
[0.376s] Level 1:colcon.colcon_core.package_identification:_identify(.) by extension 'ignore'
[0.377s] Level 1:colcon.colcon_core.package_identification:_identify(.) by extension 'ignore_ament_install'
[0.377s] Level 1:colcon.colcon_core.package_identification:_identify(.) by extensions ['colcon_pkg']
[0.377s] Level 1:colcon.colcon_core.package_identification:_identify(.) by extension 'colcon_pkg'
[0.377s] Level 1:colcon.colcon_core.package_identification:_identify(.) by extensions ['colcon_meta']
[0.377s] Level 1:colcon.colcon_core.package_identification:_identify(.) by extension 'colcon_meta'
[0.377s] Level 1:colcon.colcon_core.package_identification:_identify(.) by extensions ['ros']
[0.377s] Level 1:colcon.colcon_core.package_identification:_identify(.) by extension 'ros'
[0.391s] Level 1:colcon.colcon_core.package_identification:_identify(.) by extensions ['cmake', 'python']
[0.391s] Level 1:colcon.colcon_core.package_identification:_identify(.) by extension 'cmake'
[0.391s] Level 1:colcon.colcon_core.package_identification:_identify(.) by extension 'python'
[0.392s] Level 1:colcon.colcon_core.package_identification:_identify(.) by extensions ['python_setup_py']
[0.392s] Level 1:colcon.colcon_core.package_identification:_identify(.) by extension 'python_setup_py'
[0.392s] Level 1:colcon.colcon_core.package_identification:_identify(build) by extensions ['ignore', 'ignore_ament_install']
[0.392s] Level 1:colcon.colcon_core.package_identification:_identify(build) by extension 'ignore'
[0.392s] Level 1:colcon.colcon_core.package_identification:_identify(build) ignored
[0.392s] Level 1:colcon.colcon_core.package_identification:_identify(install) by extensions ['ignore', 'ignore_ament_install']
[0.392s] Level 1:colcon.colcon_core.package_identification:_identify(install) by extension 'ignore'
[0.392s] Level 1:colcon.colcon_core.package_identification:_identify(install) ignored
[0.392s] Level 1:colcon.colcon_core.package_identification:_identify(log) by extensions ['ignore', 'ignore_ament_install']
[0.393s] Level 1:colcon.colcon_core.package_identification:_identify(log) by extension 'ignore'
[0.393s] Level 1:colcon.colcon_core.package_identification:_identify(log) ignored
[0.393s] Level 1:colcon.colcon_core.package_identification:_identify(src) by extensions ['ignore', 'ignore_ament_install']
[0.393s] Level 1:colcon.colcon_core.package_identification:_identify(src) by extension 'ignore'
[0.393s] Level 1:colcon.colcon_core.package_identification:_identify(src) by extension 'ignore_ament_install'
[0.393s] Level 1:colcon.colcon_core.package_identification:_identify(src) by extensions ['colcon_pkg']
[0.393s] Level 1:colcon.colcon_core.package_identification:_identify(src) by extension 'colcon_pkg'
[0.393s] Level 1:colcon.colcon_core.package_identification:_identify(src) by extensions ['colcon_meta']
[0.393s] Level 1:colcon.colcon_core.package_identification:_identify(src) by extension 'colcon_meta'
[0.393s] Level 1:colcon.colcon_core.package_identification:_identify(src) by extensions ['ros']
[0.393s] Level 1:colcon.colcon_core.package_identification:_identify(src) by extension 'ros'
[0.393s] Level 1:colcon.colcon_core.package_identification:_identify(src) by extensions ['cmake', 'python']
[0.393s] Level 1:colcon.colcon_core.package_identification:_identify(src) by extension 'cmake'
[0.393s] Level 1:colcon.colcon_core.package_identification:_identify(src) by extension 'python'
[0.393s] Level 1:colcon.colcon_core.package_identification:_identify(src) by extensions ['python_setup_py']
[0.393s] Level 1:colcon.colcon_core.package_identification:_identify(src) by extension 'python_setup_py'
[0.393s] Level 1:colcon.colcon_core.package_identification:_identify(src/grsim_sender) by extensions ['ignore', 'ignore_ament_install']
[0.393s] Level 1:colcon.colcon_core.package_identification:_identify(src/grsim_sender) by extension 'ignore'
[0.394s] Level 1:colcon.colcon_core.package_identification:_identify(src/grsim_sender) by extension 'ignore_ament_install'
[0.394s] Level 1:colcon.colcon_core.package_identification:_identify(src/grsim_sender) by extensions ['colcon_pkg']
[0.394s] Level 1:colcon.colcon_core.package_identification:_identify(src/grsim_sender) by extension 'colcon_pkg'
[0.394s] Level 1:colcon.colcon_core.package_identification:_identify(src/grsim_sender) by extensions ['colcon_meta']
[0.394s] Level 1:colcon.colcon_core.package_identification:_identify(src/grsim_sender) by extension 'colcon_meta'
[0.394s] Level 1:colcon.colcon_core.package_identification:_identify(src/grsim_sender) by extensions ['ros']
[0.394s] Level 1:colcon.colcon_core.package_identification:_identify(src/grsim_sender) by extension 'ros'
[0.398s] DEBUG:colcon.colcon_core.package_identification:Package 'src/grsim_sender' with type 'ros.ament_cmake' and name 'grsim_sender'
[0.398s] Level 1:colcon.colcon_core.package_identification:_identify(src/shared_interfaces) by extensions ['ignore', 'ignore_ament_install']
[0.398s] Level 1:colcon.colcon_core.package_identification:_identify(src/shared_interfaces) by extension 'ignore'
[0.398s] Level 1:colcon.colcon_core.package_identification:_identify(src/shared_interfaces) by extension 'ignore_ament_install'
[0.398s] Level 1:colcon.colcon_core.package_identification:_identify(src/shared_interfaces) by extensions ['colcon_pkg']
[0.398s] Level 1:colcon.colcon_core.package_identification:_identify(src/shared_interfaces) by extension 'colcon_pkg'
[0.398s] Level 1:colcon.colcon_core.package_identification:_identify(src/shared_interfaces) by extensions ['colcon_meta']
[0.398s] Level 1:colcon.colcon_core.package_identification:_identify(src/shared_interfaces) by extension 'colcon_meta'
[0.398s] Level 1:colcon.colcon_core.package_identification:_identify(src/shared_interfaces) by extensions ['ros']
[0.399s] Level 1:colcon.colcon_core.package_identification:_identify(src/shared_interfaces) by extension 'ros'
[0.399s] DEBUG:colcon.colcon_core.package_identification:Package 'src/shared_interfaces' with type 'ros.ament_cmake' and name 'shared_interfaces'
[0.400s] Level 1:colcon.colcon_core.package_identification:_identify(src/shared_proto) by extensions ['ignore', 'ignore_ament_install']
[0.400s] Level 1:colcon.colcon_core.package_identification:_identify(src/shared_proto) by extension 'ignore'
[0.400s] Level 1:colcon.colcon_core.package_identification:_identify(src/shared_proto) by extension 'ignore_ament_install'
[0.400s] Level 1:colcon.colcon_core.package_identification:_identify(src/shared_proto) by extensions ['colcon_pkg']
[0.400s] Level 1:colcon.colcon_core.package_identification:_identify(src/shared_proto) by extension 'colcon_pkg'
[0.400s] Level 1:colcon.colcon_core.package_identification:_identify(src/shared_proto) by extensions ['colcon_meta']
[0.400s] Level 1:colcon.colcon_core.package_identification:_identify(src/shared_proto) by extension 'colcon_meta'
[0.400s] Level 1:colcon.colcon_core.package_identification:_identify(src/shared_proto) by extensions ['ros']
[0.400s] Level 1:colcon.colcon_core.package_identification:_identify(src/shared_proto) by extension 'ros'
[0.401s] DEBUG:colcon.colcon_core.package_identification:Package 'src/shared_proto' with type 'ros.ament_cmake' and name 'shared_proto'
[0.401s] Level 1:colcon.colcon_core.package_identification:_identify(src/vision) by extensions ['ignore', 'ignore_ament_install']
[0.401s] Level 1:colcon.colcon_core.package_identification:_identify(src/vision) by extension 'ignore'
[0.401s] Level 1:colcon.colcon_core.package_identification:_identify(src/vision) by extension 'ignore_ament_install'
[0.401s] Level 1:colcon.colcon_core.package_identification:_identify(src/vision) by extensions ['colcon_pkg']
[0.401s] Level 1:colcon.colcon_core.package_identification:_identify(src/vision) by extension 'colcon_pkg'
[0.402s] Level 1:colcon.colcon_core.package_identification:_identify(src/vision) by extensions ['colcon_meta']
[0.402s] Level 1:colcon.colcon_core.package_identification:_identify(src/vision) by extension 'colcon_meta'
[0.402s] Level 1:colcon.colcon_core.package_identification:_identify(src/vision) by extensions ['ros']
[0.402s] Level 1:colcon.colcon_core.package_identification:_identify(src/vision) by extension 'ros'
[0.402s] DEBUG:colcon.colcon_core.package_identification:Package 'src/vision' with type 'ros.ament_cmake' and name 'vision'
[0.402s] Level 1:colcon.colcon_core.package_discovery:discover_packages(recursive) using defaults
[0.403s] Level 1:colcon.colcon_core.package_discovery:discover_packages(ignore) discover
[0.403s] Level 1:colcon.colcon_core.package_discovery:discover_packages(ignore) using defaults
[0.403s] Level 1:colcon.colcon_core.package_discovery:discover_packages(path) discover
[0.403s] Level 1:colcon.colcon_core.package_discovery:discover_packages(path) using defaults
[0.424s] INFO:colcon.colcon_core.package_selection:Skipping not selected package 'shared_interfaces' in 'src/shared_interfaces'
[0.424s] INFO:colcon.colcon_core.package_selection:Skipping not selected package 'shared_proto' in 'src/shared_proto'
[0.424s] INFO:colcon.colcon_core.package_selection:Skipping not selected package 'vision' in 'src/vision'
[0.424s] Level 1:colcon.colcon_core.package_discovery:discover_packages(prefix_path) check parameters
[0.424s] Level 1:colcon.colcon_core.package_discovery:discover_packages(prefix_path) discover
[0.427s] DEBUG:colcon.colcon_installed_package_information.package_discovery:Found 295 installed packages in /opt/ros/humble
[0.428s] Level 1:colcon.colcon_core.package_discovery:discover_packages(prefix_path) using defaults
[0.473s] Level 5:colcon.colcon_core.verb:set package 'grsim_sender' build argument 'cmake_args' from command line to 'None'
[0.473s] Level 5:colcon.colcon_core.verb:set package 'grsim_sender' build argument 'cmake_target' from command line to 'None'
[0.473s] Level 5:colcon.colcon_core.verb:set package 'grsim_sender' build argument 'cmake_target_skip_unavailable' from command line to 'False'
[0.473s] Level 5:colcon.colcon_core.verb:set package 'grsim_sender' build argument 'cmake_clean_cache' from command line to 'False'
[0.473s] Level 5:colcon.colcon_core.verb:set package 'grsim_sender' build argument 'cmake_clean_first' from command line to 'False'
[0.473s] Level 5:colcon.colcon_core.verb:set package 'grsim_sender' build argument 'cmake_force_configure' from command line to 'False'
[0.473s] Level 5:colcon.colcon_core.verb:set package 'grsim_sender' build argument 'ament_cmake_args' from command line to 'None'
[0.473s] Level 5:colcon.colcon_core.verb:set package 'grsim_sender' build argument 'catkin_cmake_args' from command line to 'None'
[0.473s] Level 5:colcon.colcon_core.verb:set package 'grsim_sender' build argument 'catkin_skip_building_tests' from command line to 'False'
[0.473s] DEBUG:colcon.colcon_core.verb:Building package 'grsim_sender' with the following arguments: {'ament_cmake_args': None, 'build_base': '/home/viniciuscas/Desktop/dev/carrossel-caipira/grSim_ws/exemploAula/build/grsim_sender', 'catkin_cmake_args': None, 'catkin_skip_building_tests': False, 'cmake_args': None, 'cmake_clean_cache': False, 'cmake_clean_first': False, 'cmake_force_configure': False, 'cmake_target': None, 'cmake_target_skip_unavailable': False, 'install_base': '/home/viniciuscas/Desktop/dev/carrossel-caipira/grSim_ws/exemploAula/install/grsim_sender', 'merge_install': False, 'path': '/home/viniciuscas/Desktop/dev/carrossel-caipira/grSim_ws/exemploAula/src/grsim_sender', 'symlink_install': False, 'test_result_base': None}
[0.473s] INFO:colcon.colcon_core.executor:Executing jobs using 'parallel' executor
[0.475s] DEBUG:colcon.colcon_parallel_executor.executor.parallel:run_until_complete
[0.475s] INFO:colcon.colcon_ros.task.ament_cmake.build:Building ROS package in '/home/viniciuscas/Desktop/dev/carrossel-caipira/grSim_ws/exemploAula/src/grsim_sender' with build type 'ament_cmake'
[0.475s] INFO:colcon.colcon_cmake.task.cmake.build:Building CMake package in '/home/viniciuscas/Desktop/dev/carrossel-caipira/grSim_ws/exemploAula/src/grsim_sender'
[0.477s] INFO:colcon.colcon_core.plugin_system:Skipping extension 'colcon_core.shell.bat': Not used on non-Windows systems
[0.477s] INFO:colcon.colcon_core.shell:Skip shell extension 'powershell' for command environment: Not usable outside of PowerShell
[0.478s] DEBUG:colcon.colcon_core.shell:Skip shell extension 'dsv' for command environment
[0.520s] DEBUG:colcon.colcon_core.event_handler.log_command:Invoking command in '/home/viniciuscas/Desktop/dev/carrossel-caipira/grSim_ws/exemploAula/build/grsim_sender': AMENT_PREFIX_PATH=/home/viniciuscas/Desktop/dev/carrossel-caipira/grSim_ws/exemploAula/install/shared_proto:${AMENT_PREFIX_PATH} CMAKE_PREFIX_PATH=/home/viniciuscas/Desktop/dev/carrossel-caipira/grSim_ws/exemploAula/install/shared_proto:/opt/ros/humble /usr/bin/cmake --build /home/viniciuscas/Desktop/dev/carrossel-caipira/grSim_ws/exemploAula/build/grsim_sender -- -j8 -l8
[4.239s] DEBUG:colcon.colcon_core.event_handler.log_command:Invoked command in '/home/viniciuscas/Desktop/dev/carrossel-caipira/grSim_ws/exemploAula/build/grsim_sender' returned '2': AMENT_PREFIX_PATH=/home/viniciuscas/Desktop/dev/carrossel-caipira/grSim_ws/exemploAula/install/shared_proto:${AMENT_PREFIX_PATH} CMAKE_PREFIX_PATH=/home/viniciuscas/Desktop/dev/carrossel-caipira/grSim_ws/exemploAula/install/shared_proto:/opt/ros/humble /usr/bin/cmake --build /home/viniciuscas/Desktop/dev/carrossel-caipira/grSim_ws/exemploAula/build/grsim_sender -- -j8 -l8
[4.239s] Level 1:colcon.colcon_core.environment:create_environment_scripts_only(grsim_sender)
[4.241s] Level 1:colcon.colcon_core.environment:checking '/home/viniciuscas/Desktop/dev/carrossel-caipira/grSim_ws/exemploAula/install/grsim_sender' for CMake module files
[4.242s] Level 1:colcon.colcon_core.environment:checking '/home/viniciuscas/Desktop/dev/carrossel-caipira/grSim_ws/exemploAula/install/grsim_sender' for CMake config files
[4.242s] Level 1:colcon.colcon_core.shell:create_environment_hook('grsim_sender', 'cmake_prefix_path')
[4.242s] INFO:colcon.colcon_core.shell:Creating environment hook '/home/viniciuscas/Desktop/dev/carrossel-caipira/grSim_ws/exemploAula/install/grsim_sender/share/grsim_sender/hook/cmake_prefix_path.ps1'
[4.243s] INFO:colcon.colcon_core.shell:Creating environment descriptor '/home/viniciuscas/Desktop/dev/carrossel-caipira/grSim_ws/exemploAula/install/grsim_sender/share/grsim_sender/hook/cmake_prefix_path.dsv'
[4.243s] INFO:colcon.colcon_core.shell:Creating environment hook '/home/viniciuscas/Desktop/dev/carrossel-caipira/grSim_ws/exemploAula/install/grsim_sender/share/grsim_sender/hook/cmake_prefix_path.sh'
[4.244s] Level 1:colcon.colcon_core.environment:checking '/home/viniciuscas/Desktop/dev/carrossel-caipira/grSim_ws/exemploAula/install/grsim_sender/lib'
[4.245s] Level 1:colcon.colcon_core.environment:checking '/home/viniciuscas/Desktop/dev/carrossel-caipira/grSim_ws/exemploAula/install/grsim_sender/bin'
[4.245s] Level 1:colcon.colcon_core.environment:checking '/home/viniciuscas/Desktop/dev/carrossel-caipira/grSim_ws/exemploAula/install/grsim_sender/lib/pkgconfig/grsim_sender.pc'
[4.245s] Level 1:colcon.colcon_core.environment:checking '/home/viniciuscas/Desktop/dev/carrossel-caipira/grSim_ws/exemploAula/install/grsim_sender/lib/python3.10/site-packages'
[4.245s] Level 1:colcon.colcon_core.environment:checking '/home/viniciuscas/Desktop/dev/carrossel-caipira/grSim_ws/exemploAula/install/grsim_sender/bin'
[4.246s] INFO:colcon.colcon_core.shell:Creating package script '/home/viniciuscas/Desktop/dev/carrossel-caipira/grSim_ws/exemploAula/install/grsim_sender/share/grsim_sender/package.ps1'
[4.247s] INFO:colcon.colcon_core.shell:Creating package descriptor '/home/viniciuscas/Desktop/dev/carrossel-caipira/grSim_ws/exemploAula/install/grsim_sender/share/grsim_sender/package.dsv'
[4.247s] INFO:colcon.colcon_core.shell:Creating package script '/home/viniciuscas/Desktop/dev/carrossel-caipira/grSim_ws/exemploAula/install/grsim_sender/share/grsim_sender/package.sh'
[4.248s] INFO:colcon.colcon_core.shell:Creating package script '/home/viniciuscas/Desktop/dev/carrossel-caipira/grSim_ws/exemploAula/install/grsim_sender/share/grsim_sender/package.bash'
[4.249s] INFO:colcon.colcon_core.shell:Creating package script '/home/viniciuscas/Desktop/dev/carrossel-caipira/grSim_ws/exemploAula/install/grsim_sender/share/grsim_sender/package.zsh'
[4.250s] Level 1:colcon.colcon_core.environment:create_file_with_runtime_dependencies(/home/viniciuscas/Desktop/dev/carrossel-caipira/grSim_ws/exemploAula/install/grsim_sender/share/colcon-core/packages/grsim_sender)
[4.277s] DEBUG:colcon.colcon_parallel_executor.executor.parallel:closing loop
[4.277s] DEBUG:colcon.colcon_parallel_executor.executor.parallel:loop closed
[4.277s] DEBUG:colcon.colcon_parallel_executor.executor.parallel:run_until_complete finished with '2'
[4.277s] DEBUG:colcon.colcon_core.event_reactor:joining thread
[4.283s] INFO:colcon.colcon_core.plugin_system:Skipping extension 'colcon_notification.desktop_notification.terminal_notifier': Not used on non-Darwin systems
[4.284s] INFO:colcon.colcon_core.plugin_system:Skipping extension 'colcon_notification.desktop_notification.win32': Not used on non-Windows systems
[4.284s] INFO:colcon.colcon_notification.desktop_notification:Sending desktop notification using 'notify2'
[4.296s] DEBUG:colcon.colcon_core.event_reactor:joined thread
[4.296s] INFO:colcon.colcon_core.shell:Creating prefix script '/home/viniciuscas/Desktop/dev/carrossel-caipira/grSim_ws/exemploAula/install/local_setup.ps1'
[4.297s] INFO:colcon.colcon_core.shell:Creating prefix util module '/home/viniciuscas/Desktop/dev/carrossel-caipira/grSim_ws/exemploAula/install/_local_setup_util_ps1.py'
[4.299s] INFO:colcon.colcon_core.shell:Creating prefix chain script '/home/viniciuscas/Desktop/dev/carrossel-caipira/grSim_ws/exemploAula/install/setup.ps1'
[4.301s] INFO:colcon.colcon_core.shell:Creating prefix script '/home/viniciuscas/Desktop/dev/carrossel-caipira/grSim_ws/exemploAula/install/local_setup.sh'
[4.301s] INFO:colcon.colcon_core.shell:Creating prefix util module '/home/viniciuscas/Desktop/dev/carrossel-caipira/grSim_ws/exemploAula/install/_local_setup_util_sh.py'
[4.302s] INFO:colcon.colcon_core.shell:Creating prefix chain script '/home/viniciuscas/Desktop/dev/carrossel-caipira/grSim_ws/exemploAula/install/setup.sh'
[4.303s] INFO:colcon.colcon_core.shell:Creating prefix script '/home/viniciuscas/Desktop/dev/carrossel-caipira/grSim_ws/exemploAula/install/local_setup.bash'
[4.304s] INFO:colcon.colcon_core.shell:Creating prefix chain script '/home/viniciuscas/Desktop/dev/carrossel-caipira/grSim_ws/exemploAula/install/setup.bash'
[4.305s] INFO:colcon.colcon_core.shell:Creating prefix script '/home/viniciuscas/Desktop/dev/carrossel-caipira/grSim_ws/exemploAula/install/local_setup.zsh'
[4.306s] INFO:colcon.colcon_core.shell:Creating prefix chain script '/home/viniciuscas/Desktop/dev/carrossel-caipira/grSim_ws/exemploAula/install/setup.zsh'
