[0.127s] Invoking command in '/home/viniciuscas/Desktop/dev/carrossel-caipira/grSim_ws/exemploAula/build/shared_interfaces': CMAKE_PREFIX_PATH=/opt/ros/humble /usr/bin/cmake --build /home/viniciuscas/Desktop/dev/carrossel-caipira/grSim_ws/exemploAula/build/shared_interfaces -- -j8 -l8
[0.207s] Invoked command in '/home/viniciuscas/Desktop/dev/carrossel-caipira/grSim_ws/exemploAula/build/shared_interfaces' returned '0': CMAKE_PREFIX_PATH=/opt/ros/humble /usr/bin/cmake --build /home/viniciuscas/Desktop/dev/carrossel-caipira/grSim_ws/exemploAula/build/shared_interfaces -- -j8 -l8
[0.315s] Invoking command in '/home/viniciuscas/Desktop/dev/carrossel-caipira/grSim_ws/exemploAula/build/shared_interfaces': CMAKE_PREFIX_PATH=/opt/ros/humble /usr/bin/cmake --install /home/viniciuscas/Desktop/dev/carrossel-caipira/grSim_ws/exemploAula/build/shared_interfaces
[0.330s] -- Install configuration: ""
[0.330s] -- Up-to-date: /home/viniciuscas/Desktop/dev/carrossel-caipira/grSim_ws/exemploAula/install/shared_interfaces/share/ament_index/resource_index/package_run_dependencies/shared_interfaces
[0.331s] -- Up-to-date: /home/viniciuscas/Desktop/dev/carrossel-caipira/grSim_ws/exemploAula/install/shared_interfaces/share/ament_index/resource_index/parent_prefix_path/shared_interfaces
[0.331s] -- Up-to-date: /home/viniciuscas/Desktop/dev/carrossel-caipira/grSim_ws/exemploAula/install/shared_interfaces/share/shared_interfaces/environment/ament_prefix_path.sh
[0.331s] -- Up-to-date: /home/viniciuscas/Desktop/dev/carrossel-caipira/grSim_ws/exemploAula/install/shared_interfaces/share/shared_interfaces/environment/ament_prefix_path.dsv
[0.331s] -- Up-to-date: /home/viniciuscas/Desktop/dev/carrossel-caipira/grSim_ws/exemploAula/install/shared_interfaces/share/shared_interfaces/environment/path.sh
[0.331s] -- Up-to-date: /home/viniciuscas/Desktop/dev/carrossel-caipira/grSim_ws/exemploAula/install/shared_interfaces/share/shared_interfaces/environment/path.dsv
[0.331s] -- Up-to-date: /home/viniciuscas/Desktop/dev/carrossel-caipira/grSim_ws/exemploAula/install/shared_interfaces/share/shared_interfaces/local_setup.bash
[0.331s] -- Up-to-date: /home/viniciuscas/Desktop/dev/carrossel-caipira/grSim_ws/exemploAula/install/shared_interfaces/share/shared_interfaces/local_setup.sh
[0.331s] -- Up-to-date: /home/viniciuscas/Desktop/dev/carrossel-caipira/grSim_ws/exemploAula/install/shared_interfaces/share/shared_interfaces/local_setup.zsh
[0.331s] -- Up-to-date: /home/viniciuscas/Desktop/dev/carrossel-caipira/grSim_ws/exemploAula/install/shared_interfaces/share/shared_interfaces/local_setup.dsv
[0.332s] -- Installing: /home/viniciuscas/Desktop/dev/carrossel-caipira/grSim_ws/exemploAula/install/shared_interfaces/share/shared_interfaces/package.dsv
[0.369s] -- Up-to-date: /home/viniciuscas/Desktop/dev/carrossel-caipira/grSim_ws/exemploAula/install/shared_interfaces/share/ament_index/resource_index/packages/shared_interfaces
[0.370s] -- Up-to-date: /home/viniciuscas/Desktop/dev/carrossel-caipira/grSim_ws/exemploAula/install/shared_interfaces/share/shared_interfaces/cmake/shared_interfacesConfig.cmake
[0.370s] -- Up-to-date: /home/viniciuscas/Desktop/dev/carrossel-caipira/grSim_ws/exemploAula/install/shared_interfaces/share/shared_interfaces/cmake/shared_interfacesConfig-version.cmake
[0.370s] -- Up-to-date: /home/viniciuscas/Desktop/dev/carrossel-caipira/grSim_ws/exemploAula/install/shared_interfaces/share/shared_interfaces/package.xml
[0.383s] Invoked command in '/home/viniciuscas/Desktop/dev/carrossel-caipira/grSim_ws/exemploAula/build/shared_interfaces' returned '0': CMAKE_PREFIX_PATH=/opt/ros/humble /usr/bin/cmake --install /home/viniciuscas/Desktop/dev/carrossel-caipira/grSim_ws/exemploAula/build/shared_interfaces
