[0.133s] DEBUG:colcon:Command line arguments: ['/usr/bin/colcon', 'build']
[0.133s] DEBUG:colcon:Parsed command line arguments: Namespace(log_base=None, log_level=None, verb_name='build', build_base='build', install_base='install', merge_install=False, symlink_install=False, test_result_base=None, continue_on_error=False, executor='parallel', parallel_workers=8, event_handlers=None, ignore_user_meta=False, metas=['./colcon.meta'], base_paths=['.'], packages_ignore=None, packages_ignore_regex=None, paths=None, packages_up_to=None, packages_up_to_regex=None, packages_above=None, packages_above_and_dependencies=None, packages_above_depth=None, packages_select_by_dep=None, packages_skip_by_dep=None, packages_skip_up_to=None, packages_select_build_failed=False, packages_skip_build_finished=False, packages_select_test_failures=False, packages_skip_test_passed=False, packages_select=None, packages_skip=None, packages_select_regex=None, packages_skip_regex=None, packages_start=None, packages_end=None, allow_overriding=[], cmake_args=None, cmake_target=None, cmake_target_skip_unavailable=False, cmake_clean_cache=False, cmake_clean_first=False, cmake_force_configure=False, ament_cmake_args=None, catkin_cmake_args=None, catkin_skip_building_tests=False, verb_parser=<colcon_defaults.argument_parser.defaults.DefaultArgumentsDecorator object at 0x7ec9de9f2620>, verb_extension=<colcon_core.verb.build.BuildVerb object at 0x7ec9de9f23e0>, main=<bound method BuildVerb.main of <colcon_core.verb.build.BuildVerb object at 0x7ec9de9f23e0>>)
[1.496s] Level 1:colcon.colcon_core.package_discovery:discover_packages(colcon_meta) check parameters
[1.496s] Level 1:colcon.colcon_core.package_discovery:discover_packages(recursive) check parameters
[1.496s] Level 1:colcon.colcon_core.package_discovery:discover_packages(ignore) check parameters
[1.496s] Level 1:colcon.colcon_core.package_discovery:discover_packages(path) check parameters
[1.496s] Level 1:colcon.colcon_core.package_discovery:discover_packages(colcon_meta) discover
[1.496s] Level 1:colcon.colcon_core.package_discovery:discover_packages(recursive) discover
[1.497s] INFO:colcon.colcon_core.package_discovery:Crawling recursively for packages in '/home/viniciuscas/Desktop/dev/carrossel-caipira/grSim_ws/exemploAula'
[1.497s] Level 1:colcon.colcon_core.package_identification:_identify(.) by extensions ['ignore', 'ignore_ament_install']
[1.497s] Level 1:colcon.colcon_core.package_identification:_identify(.) by extension 'ignore'
[1.497s] Level 1:colcon.colcon_core.package_identification:_identify(.) by extension 'ignore_ament_install'
[1.497s] Level 1:colcon.colcon_core.package_identification:_identify(.) by extensions ['colcon_pkg']
[1.497s] Level 1:colcon.colcon_core.package_identification:_identify(.) by extension 'colcon_pkg'
[1.497s] Level 1:colcon.colcon_core.package_identification:_identify(.) by extensions ['colcon_meta']
[1.497s] Level 1:colcon.colcon_core.package_identification:_identify(.) by extension 'colcon_meta'
[1.497s] Level 1:colcon.colcon_core.package_identification:_identify(.) by extensions ['ros']
[1.497s] Level 1:colcon.colcon_core.package_identification:_identify(.) by extension 'ros'
[1.511s] Level 1:colcon.colcon_core.package_identification:_identify(.) by extensions ['cmake', 'python']
[1.511s] Level 1:colcon.colcon_core.package_identification:_identify(.) by extension 'cmake'
[1.511s] Level 1:colcon.colcon_core.package_identification:_identify(.) by extension 'python'
[1.511s] Level 1:colcon.colcon_core.package_identification:_identify(.) by extensions ['python_setup_py']
[1.511s] Level 1:colcon.colcon_core.package_identification:_identify(.) by extension 'python_setup_py'
[1.511s] Level 1:colcon.colcon_core.package_identification:_identify(build) by extensions ['ignore', 'ignore_ament_install']
[1.511s] Level 1:colcon.colcon_core.package_identification:_identify(build) by extension 'ignore'
[1.511s] Level 1:colcon.colcon_core.package_identification:_identify(build) ignored
[1.511s] Level 1:colcon.colcon_core.package_identification:_identify(install) by extensions ['ignore', 'ignore_ament_install']
[1.511s] Level 1:colcon.colcon_core.package_identification:_identify(install) by extension 'ignore'
[1.511s] Level 1:colcon.colcon_core.package_identification:_identify(install) ignored
[1.512s] Level 1:colcon.colcon_core.package_identification:_identify(log) by extensions ['ignore', 'ignore_ament_install']
[1.512s] Level 1:colcon.colcon_core.package_identification:_identify(log) by extension 'ignore'
[1.512s] Level 1:colcon.colcon_core.package_identification:_identify(log) ignored
[1.512s] Level 1:colcon.colcon_core.package_identification:_identify(src) by extensions ['ignore', 'ignore_ament_install']
[1.512s] Level 1:colcon.colcon_core.package_identification:_identify(src) by extension 'ignore'
[1.512s] Level 1:colcon.colcon_core.package_identification:_identify(src) by extension 'ignore_ament_install'
[1.512s] Level 1:colcon.colcon_core.package_identification:_identify(src) by extensions ['colcon_pkg']
[1.512s] Level 1:colcon.colcon_core.package_identification:_identify(src) by extension 'colcon_pkg'
[1.512s] Level 1:colcon.colcon_core.package_identification:_identify(src) by extensions ['colcon_meta']
[1.512s] Level 1:colcon.colcon_core.package_identification:_identify(src) by extension 'colcon_meta'
[1.512s] Level 1:colcon.colcon_core.package_identification:_identify(src) by extensions ['ros']
[1.512s] Level 1:colcon.colcon_core.package_identification:_identify(src) by extension 'ros'
[1.512s] Level 1:colcon.colcon_core.package_identification:_identify(src) by extensions ['cmake', 'python']
[1.512s] Level 1:colcon.colcon_core.package_identification:_identify(src) by extension 'cmake'
[1.512s] Level 1:colcon.colcon_core.package_identification:_identify(src) by extension 'python'
[1.512s] Level 1:colcon.colcon_core.package_identification:_identify(src) by extensions ['python_setup_py']
[1.512s] Level 1:colcon.colcon_core.package_identification:_identify(src) by extension 'python_setup_py'
[1.513s] Level 1:colcon.colcon_core.package_identification:_identify(src/grsim_sender) by extensions ['ignore', 'ignore_ament_install']
[1.513s] Level 1:colcon.colcon_core.package_identification:_identify(src/grsim_sender) by extension 'ignore'
[1.513s] Level 1:colcon.colcon_core.package_identification:_identify(src/grsim_sender) by extension 'ignore_ament_install'
[1.513s] Level 1:colcon.colcon_core.package_identification:_identify(src/grsim_sender) by extensions ['colcon_pkg']
[1.513s] Level 1:colcon.colcon_core.package_identification:_identify(src/grsim_sender) by extension 'colcon_pkg'
[1.513s] Level 1:colcon.colcon_core.package_identification:_identify(src/grsim_sender) by extensions ['colcon_meta']
[1.513s] Level 1:colcon.colcon_core.package_identification:_identify(src/grsim_sender) by extension 'colcon_meta'
[1.513s] Level 1:colcon.colcon_core.package_identification:_identify(src/grsim_sender) by extensions ['ros']
[1.513s] Level 1:colcon.colcon_core.package_identification:_identify(src/grsim_sender) by extension 'ros'
[1.526s] DEBUG:colcon.colcon_core.package_identification:Package 'src/grsim_sender' with type 'ros.ament_cmake' and name 'grsim_sender'
[1.526s] Level 1:colcon.colcon_core.package_identification:_identify(src/shared_interfaces) by extensions ['ignore', 'ignore_ament_install']
[1.526s] Level 1:colcon.colcon_core.package_identification:_identify(src/shared_interfaces) by extension 'ignore'
[1.526s] Level 1:colcon.colcon_core.package_identification:_identify(src/shared_interfaces) by extension 'ignore_ament_install'
[1.526s] Level 1:colcon.colcon_core.package_identification:_identify(src/shared_interfaces) by extensions ['colcon_pkg']
[1.526s] Level 1:colcon.colcon_core.package_identification:_identify(src/shared_interfaces) by extension 'colcon_pkg'
[1.526s] Level 1:colcon.colcon_core.package_identification:_identify(src/shared_interfaces) by extensions ['colcon_meta']
[1.526s] Level 1:colcon.colcon_core.package_identification:_identify(src/shared_interfaces) by extension 'colcon_meta'
[1.526s] Level 1:colcon.colcon_core.package_identification:_identify(src/shared_interfaces) by extensions ['ros']
[1.526s] Level 1:colcon.colcon_core.package_identification:_identify(src/shared_interfaces) by extension 'ros'
[1.532s] DEBUG:colcon.colcon_core.package_identification:Package 'src/shared_interfaces' with type 'ros.ament_cmake' and name 'shared_interfaces'
[1.532s] Level 1:colcon.colcon_core.package_identification:_identify(src/shared_proto) by extensions ['ignore', 'ignore_ament_install']
[1.532s] Level 1:colcon.colcon_core.package_identification:_identify(src/shared_proto) by extension 'ignore'
[1.532s] Level 1:colcon.colcon_core.package_identification:_identify(src/shared_proto) by extension 'ignore_ament_install'
[1.532s] Level 1:colcon.colcon_core.package_identification:_identify(src/shared_proto) by extensions ['colcon_pkg']
[1.532s] Level 1:colcon.colcon_core.package_identification:_identify(src/shared_proto) by extension 'colcon_pkg'
[1.532s] Level 1:colcon.colcon_core.package_identification:_identify(src/shared_proto) by extensions ['colcon_meta']
[1.532s] Level 1:colcon.colcon_core.package_identification:_identify(src/shared_proto) by extension 'colcon_meta'
[1.532s] Level 1:colcon.colcon_core.package_identification:_identify(src/shared_proto) by extensions ['ros']
[1.532s] Level 1:colcon.colcon_core.package_identification:_identify(src/shared_proto) by extension 'ros'
[1.533s] DEBUG:colcon.colcon_core.package_identification:Package 'src/shared_proto' with type 'ros.ament_cmake' and name 'shared_proto'
[1.533s] Level 1:colcon.colcon_core.package_identification:_identify(src/vision) by extensions ['ignore', 'ignore_ament_install']
[1.533s] Level 1:colcon.colcon_core.package_identification:_identify(src/vision) by extension 'ignore'
[1.533s] Level 1:colcon.colcon_core.package_identification:_identify(src/vision) by extension 'ignore_ament_install'
[1.533s] Level 1:colcon.colcon_core.package_identification:_identify(src/vision) by extensions ['colcon_pkg']
[1.533s] Level 1:colcon.colcon_core.package_identification:_identify(src/vision) by extension 'colcon_pkg'
[1.533s] Level 1:colcon.colcon_core.package_identification:_identify(src/vision) by extensions ['colcon_meta']
[1.533s] Level 1:colcon.colcon_core.package_identification:_identify(src/vision) by extension 'colcon_meta'
[1.534s] Level 1:colcon.colcon_core.package_identification:_identify(src/vision) by extensions ['ros']
[1.534s] Level 1:colcon.colcon_core.package_identification:_identify(src/vision) by extension 'ros'
[1.534s] DEBUG:colcon.colcon_core.package_identification:Package 'src/vision' with type 'ros.ament_cmake' and name 'vision'
[1.534s] Level 1:colcon.colcon_core.package_discovery:discover_packages(recursive) using defaults
[1.534s] Level 1:colcon.colcon_core.package_discovery:discover_packages(ignore) discover
[1.535s] Level 1:colcon.colcon_core.package_discovery:discover_packages(ignore) using defaults
[1.535s] Level 1:colcon.colcon_core.package_discovery:discover_packages(path) discover
[1.535s] Level 1:colcon.colcon_core.package_discovery:discover_packages(path) using defaults
[1.565s] Level 1:colcon.colcon_core.package_discovery:discover_packages(prefix_path) check parameters
[1.565s] Level 1:colcon.colcon_core.package_discovery:discover_packages(prefix_path) discover
[1.569s] DEBUG:colcon.colcon_installed_package_information.package_discovery:Found 295 installed packages in /opt/ros/humble
[1.572s] Level 1:colcon.colcon_core.package_discovery:discover_packages(prefix_path) using defaults
[1.617s] Level 5:colcon.colcon_core.verb:set package 'shared_interfaces' build argument 'cmake_args' from command line to 'None'
[1.617s] Level 5:colcon.colcon_core.verb:set package 'shared_interfaces' build argument 'cmake_target' from command line to 'None'
[1.617s] Level 5:colcon.colcon_core.verb:set package 'shared_interfaces' build argument 'cmake_target_skip_unavailable' from command line to 'False'
[1.617s] Level 5:colcon.colcon_core.verb:set package 'shared_interfaces' build argument 'cmake_clean_cache' from command line to 'False'
[1.617s] Level 5:colcon.colcon_core.verb:set package 'shared_interfaces' build argument 'cmake_clean_first' from command line to 'False'
[1.617s] Level 5:colcon.colcon_core.verb:set package 'shared_interfaces' build argument 'cmake_force_configure' from command line to 'False'
[1.617s] Level 5:colcon.colcon_core.verb:set package 'shared_interfaces' build argument 'ament_cmake_args' from command line to 'None'
[1.617s] Level 5:colcon.colcon_core.verb:set package 'shared_interfaces' build argument 'catkin_cmake_args' from command line to 'None'
[1.617s] Level 5:colcon.colcon_core.verb:set package 'shared_interfaces' build argument 'catkin_skip_building_tests' from command line to 'False'
[1.617s] DEBUG:colcon.colcon_core.verb:Building package 'shared_interfaces' with the following arguments: {'ament_cmake_args': None, 'build_base': '/home/viniciuscas/Desktop/dev/carrossel-caipira/grSim_ws/exemploAula/build/shared_interfaces', 'catkin_cmake_args': None, 'catkin_skip_building_tests': False, 'cmake_args': None, 'cmake_clean_cache': False, 'cmake_clean_first': False, 'cmake_force_configure': False, 'cmake_target': None, 'cmake_target_skip_unavailable': False, 'install_base': '/home/viniciuscas/Desktop/dev/carrossel-caipira/grSim_ws/exemploAula/install/shared_interfaces', 'merge_install': False, 'path': '/home/viniciuscas/Desktop/dev/carrossel-caipira/grSim_ws/exemploAula/src/shared_interfaces', 'symlink_install': False, 'test_result_base': None}
[1.617s] Level 5:colcon.colcon_core.verb:set package 'shared_proto' build argument 'cmake_args' from command line to 'None'
[1.617s] Level 5:colcon.colcon_core.verb:set package 'shared_proto' build argument 'cmake_target' from command line to 'None'
[1.617s] Level 5:colcon.colcon_core.verb:set package 'shared_proto' build argument 'cmake_target_skip_unavailable' from command line to 'False'
[1.617s] Level 5:colcon.colcon_core.verb:set package 'shared_proto' build argument 'cmake_clean_cache' from command line to 'False'
[1.617s] Level 5:colcon.colcon_core.verb:set package 'shared_proto' build argument 'cmake_clean_first' from command line to 'False'
[1.617s] Level 5:colcon.colcon_core.verb:set package 'shared_proto' build argument 'cmake_force_configure' from command line to 'False'
[1.617s] Level 5:colcon.colcon_core.verb:set package 'shared_proto' build argument 'ament_cmake_args' from command line to 'None'
[1.617s] Level 5:colcon.colcon_core.verb:set package 'shared_proto' build argument 'catkin_cmake_args' from command line to 'None'
[1.617s] Level 5:colcon.colcon_core.verb:set package 'shared_proto' build argument 'catkin_skip_building_tests' from command line to 'False'
[1.617s] DEBUG:colcon.colcon_core.verb:Building package 'shared_proto' with the following arguments: {'ament_cmake_args': None, 'build_base': '/home/viniciuscas/Desktop/dev/carrossel-caipira/grSim_ws/exemploAula/build/shared_proto', 'catkin_cmake_args': None, 'catkin_skip_building_tests': False, 'cmake_args': None, 'cmake_clean_cache': False, 'cmake_clean_first': False, 'cmake_force_configure': False, 'cmake_target': None, 'cmake_target_skip_unavailable': False, 'install_base': '/home/viniciuscas/Desktop/dev/carrossel-caipira/grSim_ws/exemploAula/install/shared_proto', 'merge_install': False, 'path': '/home/viniciuscas/Desktop/dev/carrossel-caipira/grSim_ws/exemploAula/src/shared_proto', 'symlink_install': False, 'test_result_base': None}
[1.618s] Level 5:colcon.colcon_core.verb:set package 'grsim_sender' build argument 'cmake_args' from command line to 'None'
[1.618s] Level 5:colcon.colcon_core.verb:set package 'grsim_sender' build argument 'cmake_target' from command line to 'None'
[1.618s] Level 5:colcon.colcon_core.verb:set package 'grsim_sender' build argument 'cmake_target_skip_unavailable' from command line to 'False'
[1.618s] Level 5:colcon.colcon_core.verb:set package 'grsim_sender' build argument 'cmake_clean_cache' from command line to 'False'
[1.618s] Level 5:colcon.colcon_core.verb:set package 'grsim_sender' build argument 'cmake_clean_first' from command line to 'False'
[1.618s] Level 5:colcon.colcon_core.verb:set package 'grsim_sender' build argument 'cmake_force_configure' from command line to 'False'
[1.618s] Level 5:colcon.colcon_core.verb:set package 'grsim_sender' build argument 'ament_cmake_args' from command line to 'None'
[1.618s] Level 5:colcon.colcon_core.verb:set package 'grsim_sender' build argument 'catkin_cmake_args' from command line to 'None'
[1.618s] Level 5:colcon.colcon_core.verb:set package 'grsim_sender' build argument 'catkin_skip_building_tests' from command line to 'False'
[1.618s] DEBUG:colcon.colcon_core.verb:Building package 'grsim_sender' with the following arguments: {'ament_cmake_args': None, 'build_base': '/home/viniciuscas/Desktop/dev/carrossel-caipira/grSim_ws/exemploAula/build/grsim_sender', 'catkin_cmake_args': None, 'catkin_skip_building_tests': False, 'cmake_args': None, 'cmake_clean_cache': False, 'cmake_clean_first': False, 'cmake_force_configure': False, 'cmake_target': None, 'cmake_target_skip_unavailable': False, 'install_base': '/home/viniciuscas/Desktop/dev/carrossel-caipira/grSim_ws/exemploAula/install/grsim_sender', 'merge_install': False, 'path': '/home/viniciuscas/Desktop/dev/carrossel-caipira/grSim_ws/exemploAula/src/grsim_sender', 'symlink_install': False, 'test_result_base': None}
[1.618s] Level 5:colcon.colcon_core.verb:set package 'vision' build argument 'cmake_args' from command line to 'None'
[1.618s] Level 5:colcon.colcon_core.verb:set package 'vision' build argument 'cmake_target' from command line to 'None'
[1.618s] Level 5:colcon.colcon_core.verb:set package 'vision' build argument 'cmake_target_skip_unavailable' from command line to 'False'
[1.618s] Level 5:colcon.colcon_core.verb:set package 'vision' build argument 'cmake_clean_cache' from command line to 'False'
[1.618s] Level 5:colcon.colcon_core.verb:set package 'vision' build argument 'cmake_clean_first' from command line to 'False'
[1.618s] Level 5:colcon.colcon_core.verb:set package 'vision' build argument 'cmake_force_configure' from command line to 'False'
[1.619s] Level 5:colcon.colcon_core.verb:set package 'vision' build argument 'ament_cmake_args' from command line to 'None'
[1.619s] Level 5:colcon.colcon_core.verb:set package 'vision' build argument 'catkin_cmake_args' from command line to 'None'
[1.619s] Level 5:colcon.colcon_core.verb:set package 'vision' build argument 'catkin_skip_building_tests' from command line to 'False'
[1.619s] DEBUG:colcon.colcon_core.verb:Building package 'vision' with the following arguments: {'ament_cmake_args': None, 'build_base': '/home/viniciuscas/Desktop/dev/carrossel-caipira/grSim_ws/exemploAula/build/vision', 'catkin_cmake_args': None, 'catkin_skip_building_tests': False, 'cmake_args': None, 'cmake_clean_cache': False, 'cmake_clean_first': False, 'cmake_force_configure': False, 'cmake_target': None, 'cmake_target_skip_unavailable': False, 'install_base': '/home/viniciuscas/Desktop/dev/carrossel-caipira/grSim_ws/exemploAula/install/vision', 'merge_install': False, 'path': '/home/viniciuscas/Desktop/dev/carrossel-caipira/grSim_ws/exemploAula/src/vision', 'symlink_install': False, 'test_result_base': None}
[1.619s] INFO:colcon.colcon_core.executor:Executing jobs using 'parallel' executor
[1.619s] DEBUG:colcon.colcon_parallel_executor.executor.parallel:run_until_complete
[1.620s] INFO:colcon.colcon_ros.task.ament_cmake.build:Building ROS package in '/home/viniciuscas/Desktop/dev/carrossel-caipira/grSim_ws/exemploAula/src/shared_proto' with build type 'ament_cmake'
[1.620s] INFO:colcon.colcon_cmake.task.cmake.build:Building CMake package in '/home/viniciuscas/Desktop/dev/carrossel-caipira/grSim_ws/exemploAula/src/shared_proto'
[1.622s] INFO:colcon.colcon_core.plugin_system:Skipping extension 'colcon_core.shell.bat': Not used on non-Windows systems
[1.623s] INFO:colcon.colcon_core.shell:Skip shell extension 'powershell' for command environment: Not usable outside of PowerShell
[1.623s] DEBUG:colcon.colcon_core.shell:Skip shell extension 'dsv' for command environment
[1.637s] INFO:colcon.colcon_ros.task.ament_cmake.build:Building ROS package in '/home/viniciuscas/Desktop/dev/carrossel-caipira/grSim_ws/exemploAula/src/shared_interfaces' with build type 'ament_cmake'
[1.638s] INFO:colcon.colcon_cmake.task.cmake.build:Building CMake package in '/home/viniciuscas/Desktop/dev/carrossel-caipira/grSim_ws/exemploAula/src/shared_interfaces'
[1.638s] INFO:colcon.colcon_core.shell:Skip shell extension 'powershell' for command environment: Not usable outside of PowerShell
[1.638s] DEBUG:colcon.colcon_core.shell:Skip shell extension 'dsv' for command environment
[1.722s] DEBUG:colcon.colcon_core.event_handler.log_command:Invoking command in '/home/viniciuscas/Desktop/dev/carrossel-caipira/grSim_ws/exemploAula/build/shared_proto': CMAKE_PREFIX_PATH=/opt/ros/humble /usr/bin/cmake --build /home/viniciuscas/Desktop/dev/carrossel-caipira/grSim_ws/exemploAula/build/shared_proto -- -j8 -l8
[1.765s] DEBUG:colcon.colcon_core.event_handler.log_command:Invoking command in '/home/viniciuscas/Desktop/dev/carrossel-caipira/grSim_ws/exemploAula/build/shared_interfaces': CMAKE_PREFIX_PATH=/opt/ros/humble /usr/bin/cmake --build /home/viniciuscas/Desktop/dev/carrossel-caipira/grSim_ws/exemploAula/build/shared_interfaces -- -j8 -l8
[1.845s] DEBUG:colcon.colcon_core.event_handler.log_command:Invoked command in '/home/viniciuscas/Desktop/dev/carrossel-caipira/grSim_ws/exemploAula/build/shared_interfaces' returned '0': CMAKE_PREFIX_PATH=/opt/ros/humble /usr/bin/cmake --build /home/viniciuscas/Desktop/dev/carrossel-caipira/grSim_ws/exemploAula/build/shared_interfaces -- -j8 -l8
[1.954s] DEBUG:colcon.colcon_core.event_handler.log_command:Invoking command in '/home/viniciuscas/Desktop/dev/carrossel-caipira/grSim_ws/exemploAula/build/shared_interfaces': CMAKE_PREFIX_PATH=/opt/ros/humble /usr/bin/cmake --install /home/viniciuscas/Desktop/dev/carrossel-caipira/grSim_ws/exemploAula/build/shared_interfaces
[1.982s] DEBUG:colcon.colcon_core.event_handler.log_command:Invoked command in '/home/viniciuscas/Desktop/dev/carrossel-caipira/grSim_ws/exemploAula/build/shared_proto' returned '0': CMAKE_PREFIX_PATH=/opt/ros/humble /usr/bin/cmake --build /home/viniciuscas/Desktop/dev/carrossel-caipira/grSim_ws/exemploAula/build/shared_proto -- -j8 -l8
[2.019s] DEBUG:colcon.colcon_core.event_handler.log_command:Invoking command in '/home/viniciuscas/Desktop/dev/carrossel-caipira/grSim_ws/exemploAula/build/shared_proto': CMAKE_PREFIX_PATH=/opt/ros/humble /usr/bin/cmake --install /home/viniciuscas/Desktop/dev/carrossel-caipira/grSim_ws/exemploAula/build/shared_proto
[2.020s] Level 1:colcon.colcon_core.environment:create_environment_scripts_only(shared_interfaces)
[2.021s] DEBUG:colcon.colcon_core.event_handler.log_command:Invoked command in '/home/viniciuscas/Desktop/dev/carrossel-caipira/grSim_ws/exemploAula/build/shared_interfaces' returned '0': CMAKE_PREFIX_PATH=/opt/ros/humble /usr/bin/cmake --install /home/viniciuscas/Desktop/dev/carrossel-caipira/grSim_ws/exemploAula/build/shared_interfaces
[2.024s] Level 1:colcon.colcon_core.environment:checking '/home/viniciuscas/Desktop/dev/carrossel-caipira/grSim_ws/exemploAula/install/shared_interfaces' for CMake module files
[2.025s] Level 1:colcon.colcon_core.environment:checking '/home/viniciuscas/Desktop/dev/carrossel-caipira/grSim_ws/exemploAula/install/shared_interfaces' for CMake config files
[2.025s] Level 1:colcon.colcon_core.shell:create_environment_hook('shared_interfaces', 'cmake_prefix_path')
[2.025s] INFO:colcon.colcon_core.shell:Creating environment hook '/home/viniciuscas/Desktop/dev/carrossel-caipira/grSim_ws/exemploAula/install/shared_interfaces/share/shared_interfaces/hook/cmake_prefix_path.ps1'
[2.026s] INFO:colcon.colcon_core.shell:Creating environment descriptor '/home/viniciuscas/Desktop/dev/carrossel-caipira/grSim_ws/exemploAula/install/shared_interfaces/share/shared_interfaces/hook/cmake_prefix_path.dsv'
[2.026s] INFO:colcon.colcon_core.shell:Creating environment hook '/home/viniciuscas/Desktop/dev/carrossel-caipira/grSim_ws/exemploAula/install/shared_interfaces/share/shared_interfaces/hook/cmake_prefix_path.sh'
[2.027s] Level 1:colcon.colcon_core.environment:checking '/home/viniciuscas/Desktop/dev/carrossel-caipira/grSim_ws/exemploAula/install/shared_interfaces/bin'
[2.028s] Level 1:colcon.colcon_core.environment:checking '/home/viniciuscas/Desktop/dev/carrossel-caipira/grSim_ws/exemploAula/install/shared_interfaces/lib/pkgconfig/shared_interfaces.pc'
[2.028s] Level 1:colcon.colcon_core.environment:checking '/home/viniciuscas/Desktop/dev/carrossel-caipira/grSim_ws/exemploAula/install/shared_interfaces/lib/python3.10/site-packages'
[2.028s] Level 1:colcon.colcon_core.environment:checking '/home/viniciuscas/Desktop/dev/carrossel-caipira/grSim_ws/exemploAula/install/shared_interfaces/bin'
[2.028s] INFO:colcon.colcon_core.shell:Creating package script '/home/viniciuscas/Desktop/dev/carrossel-caipira/grSim_ws/exemploAula/install/shared_interfaces/share/shared_interfaces/package.ps1'
[2.029s] INFO:colcon.colcon_core.shell:Creating package descriptor '/home/viniciuscas/Desktop/dev/carrossel-caipira/grSim_ws/exemploAula/install/shared_interfaces/share/shared_interfaces/package.dsv'
[2.030s] INFO:colcon.colcon_core.shell:Creating package script '/home/viniciuscas/Desktop/dev/carrossel-caipira/grSim_ws/exemploAula/install/shared_interfaces/share/shared_interfaces/package.sh'
[2.031s] INFO:colcon.colcon_core.shell:Creating package script '/home/viniciuscas/Desktop/dev/carrossel-caipira/grSim_ws/exemploAula/install/shared_interfaces/share/shared_interfaces/package.bash'
[2.032s] INFO:colcon.colcon_core.shell:Creating package script '/home/viniciuscas/Desktop/dev/carrossel-caipira/grSim_ws/exemploAula/install/shared_interfaces/share/shared_interfaces/package.zsh'
[2.033s] Level 1:colcon.colcon_core.environment:create_file_with_runtime_dependencies(/home/viniciuscas/Desktop/dev/carrossel-caipira/grSim_ws/exemploAula/install/shared_interfaces/share/colcon-core/packages/shared_interfaces)
[2.034s] Level 1:colcon.colcon_core.environment:create_environment_scripts_only(shared_interfaces)
[2.034s] Level 1:colcon.colcon_core.environment:checking '/home/viniciuscas/Desktop/dev/carrossel-caipira/grSim_ws/exemploAula/install/shared_interfaces' for CMake module files
[2.035s] Level 1:colcon.colcon_core.environment:checking '/home/viniciuscas/Desktop/dev/carrossel-caipira/grSim_ws/exemploAula/install/shared_interfaces' for CMake config files
[2.035s] Level 1:colcon.colcon_core.shell:create_environment_hook('shared_interfaces', 'cmake_prefix_path')
[2.035s] INFO:colcon.colcon_core.shell:Creating environment hook '/home/viniciuscas/Desktop/dev/carrossel-caipira/grSim_ws/exemploAula/install/shared_interfaces/share/shared_interfaces/hook/cmake_prefix_path.ps1'
[2.035s] INFO:colcon.colcon_core.shell:Creating environment descriptor '/home/viniciuscas/Desktop/dev/carrossel-caipira/grSim_ws/exemploAula/install/shared_interfaces/share/shared_interfaces/hook/cmake_prefix_path.dsv'
[2.036s] INFO:colcon.colcon_core.shell:Creating environment hook '/home/viniciuscas/Desktop/dev/carrossel-caipira/grSim_ws/exemploAula/install/shared_interfaces/share/shared_interfaces/hook/cmake_prefix_path.sh'
[2.036s] Level 1:colcon.colcon_core.environment:checking '/home/viniciuscas/Desktop/dev/carrossel-caipira/grSim_ws/exemploAula/install/shared_interfaces/bin'
[2.036s] Level 1:colcon.colcon_core.environment:checking '/home/viniciuscas/Desktop/dev/carrossel-caipira/grSim_ws/exemploAula/install/shared_interfaces/lib/pkgconfig/shared_interfaces.pc'
[2.036s] Level 1:colcon.colcon_core.environment:checking '/home/viniciuscas/Desktop/dev/carrossel-caipira/grSim_ws/exemploAula/install/shared_interfaces/lib/python3.10/site-packages'
[2.037s] Level 1:colcon.colcon_core.environment:checking '/home/viniciuscas/Desktop/dev/carrossel-caipira/grSim_ws/exemploAula/install/shared_interfaces/bin'
[2.037s] INFO:colcon.colcon_core.shell:Creating package script '/home/viniciuscas/Desktop/dev/carrossel-caipira/grSim_ws/exemploAula/install/shared_interfaces/share/shared_interfaces/package.ps1'
[2.037s] INFO:colcon.colcon_core.shell:Creating package descriptor '/home/viniciuscas/Desktop/dev/carrossel-caipira/grSim_ws/exemploAula/install/shared_interfaces/share/shared_interfaces/package.dsv'
[2.038s] INFO:colcon.colcon_core.shell:Creating package script '/home/viniciuscas/Desktop/dev/carrossel-caipira/grSim_ws/exemploAula/install/shared_interfaces/share/shared_interfaces/package.sh'
[2.045s] INFO:colcon.colcon_core.shell:Creating package script '/home/viniciuscas/Desktop/dev/carrossel-caipira/grSim_ws/exemploAula/install/shared_interfaces/share/shared_interfaces/package.bash'
[2.045s] INFO:colcon.colcon_core.shell:Creating package script '/home/viniciuscas/Desktop/dev/carrossel-caipira/grSim_ws/exemploAula/install/shared_interfaces/share/shared_interfaces/package.zsh'
[2.047s] Level 1:colcon.colcon_core.environment:create_file_with_runtime_dependencies(/home/viniciuscas/Desktop/dev/carrossel-caipira/grSim_ws/exemploAula/install/shared_interfaces/share/colcon-core/packages/shared_interfaces)
[2.103s] Level 1:colcon.colcon_core.environment:create_environment_scripts_only(shared_proto)
[2.104s] Level 1:colcon.colcon_core.environment:checking '/home/viniciuscas/Desktop/dev/carrossel-caipira/grSim_ws/exemploAula/install/shared_proto' for CMake module files
[2.104s] DEBUG:colcon.colcon_core.event_handler.log_command:Invoked command in '/home/viniciuscas/Desktop/dev/carrossel-caipira/grSim_ws/exemploAula/build/shared_proto' returned '0': CMAKE_PREFIX_PATH=/opt/ros/humble /usr/bin/cmake --install /home/viniciuscas/Desktop/dev/carrossel-caipira/grSim_ws/exemploAula/build/shared_proto
[2.104s] Level 1:colcon.colcon_core.environment:checking '/home/viniciuscas/Desktop/dev/carrossel-caipira/grSim_ws/exemploAula/install/shared_proto' for CMake config files
[2.105s] Level 1:colcon.colcon_core.shell:create_environment_hook('shared_proto', 'cmake_prefix_path')
[2.105s] INFO:colcon.colcon_core.shell:Creating environment hook '/home/viniciuscas/Desktop/dev/carrossel-caipira/grSim_ws/exemploAula/install/shared_proto/share/shared_proto/hook/cmake_prefix_path.ps1'
[2.105s] INFO:colcon.colcon_core.shell:Creating environment descriptor '/home/viniciuscas/Desktop/dev/carrossel-caipira/grSim_ws/exemploAula/install/shared_proto/share/shared_proto/hook/cmake_prefix_path.dsv'
[2.106s] INFO:colcon.colcon_core.shell:Creating environment hook '/home/viniciuscas/Desktop/dev/carrossel-caipira/grSim_ws/exemploAula/install/shared_proto/share/shared_proto/hook/cmake_prefix_path.sh'
[2.107s] Level 1:colcon.colcon_core.environment:checking '/home/viniciuscas/Desktop/dev/carrossel-caipira/grSim_ws/exemploAula/install/shared_proto/lib'
[2.107s] Level 1:colcon.colcon_core.environment:checking '/home/viniciuscas/Desktop/dev/carrossel-caipira/grSim_ws/exemploAula/install/shared_proto/bin'
[2.107s] Level 1:colcon.colcon_core.environment:checking '/home/viniciuscas/Desktop/dev/carrossel-caipira/grSim_ws/exemploAula/install/shared_proto/lib/pkgconfig/shared_proto.pc'
[2.107s] Level 1:colcon.colcon_core.environment:checking '/home/viniciuscas/Desktop/dev/carrossel-caipira/grSim_ws/exemploAula/install/shared_proto/lib/python3.10/site-packages'
[2.107s] Level 1:colcon.colcon_core.environment:checking '/home/viniciuscas/Desktop/dev/carrossel-caipira/grSim_ws/exemploAula/install/shared_proto/bin'
[2.108s] INFO:colcon.colcon_core.shell:Creating package script '/home/viniciuscas/Desktop/dev/carrossel-caipira/grSim_ws/exemploAula/install/shared_proto/share/shared_proto/package.ps1'
[2.108s] INFO:colcon.colcon_core.shell:Creating package descriptor '/home/viniciuscas/Desktop/dev/carrossel-caipira/grSim_ws/exemploAula/install/shared_proto/share/shared_proto/package.dsv'
[2.109s] INFO:colcon.colcon_core.shell:Creating package script '/home/viniciuscas/Desktop/dev/carrossel-caipira/grSim_ws/exemploAula/install/shared_proto/share/shared_proto/package.sh'
[2.109s] INFO:colcon.colcon_core.shell:Creating package script '/home/viniciuscas/Desktop/dev/carrossel-caipira/grSim_ws/exemploAula/install/shared_proto/share/shared_proto/package.bash'
[2.110s] INFO:colcon.colcon_core.shell:Creating package script '/home/viniciuscas/Desktop/dev/carrossel-caipira/grSim_ws/exemploAula/install/shared_proto/share/shared_proto/package.zsh'
[2.110s] Level 1:colcon.colcon_core.environment:create_file_with_runtime_dependencies(/home/viniciuscas/Desktop/dev/carrossel-caipira/grSim_ws/exemploAula/install/shared_proto/share/colcon-core/packages/shared_proto)
[2.111s] Level 1:colcon.colcon_core.environment:create_environment_scripts_only(shared_proto)
[2.111s] Level 1:colcon.colcon_core.environment:checking '/home/viniciuscas/Desktop/dev/carrossel-caipira/grSim_ws/exemploAula/install/shared_proto' for CMake module files
[2.112s] Level 1:colcon.colcon_core.environment:checking '/home/viniciuscas/Desktop/dev/carrossel-caipira/grSim_ws/exemploAula/install/shared_proto' for CMake config files
[2.112s] Level 1:colcon.colcon_core.shell:create_environment_hook('shared_proto', 'cmake_prefix_path')
[2.112s] INFO:colcon.colcon_core.shell:Creating environment hook '/home/viniciuscas/Desktop/dev/carrossel-caipira/grSim_ws/exemploAula/install/shared_proto/share/shared_proto/hook/cmake_prefix_path.ps1'
[2.112s] INFO:colcon.colcon_core.shell:Creating environment descriptor '/home/viniciuscas/Desktop/dev/carrossel-caipira/grSim_ws/exemploAula/install/shared_proto/share/shared_proto/hook/cmake_prefix_path.dsv'
[2.113s] INFO:colcon.colcon_core.shell:Creating environment hook '/home/viniciuscas/Desktop/dev/carrossel-caipira/grSim_ws/exemploAula/install/shared_proto/share/shared_proto/hook/cmake_prefix_path.sh'
[2.113s] Level 1:colcon.colcon_core.environment:checking '/home/viniciuscas/Desktop/dev/carrossel-caipira/grSim_ws/exemploAula/install/shared_proto/lib'
[2.114s] Level 1:colcon.colcon_core.environment:checking '/home/viniciuscas/Desktop/dev/carrossel-caipira/grSim_ws/exemploAula/install/shared_proto/bin'
[2.114s] Level 1:colcon.colcon_core.environment:checking '/home/viniciuscas/Desktop/dev/carrossel-caipira/grSim_ws/exemploAula/install/shared_proto/lib/pkgconfig/shared_proto.pc'
[2.114s] Level 1:colcon.colcon_core.environment:checking '/home/viniciuscas/Desktop/dev/carrossel-caipira/grSim_ws/exemploAula/install/shared_proto/lib/python3.10/site-packages'
[2.114s] Level 1:colcon.colcon_core.environment:checking '/home/viniciuscas/Desktop/dev/carrossel-caipira/grSim_ws/exemploAula/install/shared_proto/bin'
[2.114s] INFO:colcon.colcon_core.shell:Creating package script '/home/viniciuscas/Desktop/dev/carrossel-caipira/grSim_ws/exemploAula/install/shared_proto/share/shared_proto/package.ps1'
[2.115s] INFO:colcon.colcon_core.shell:Creating package descriptor '/home/viniciuscas/Desktop/dev/carrossel-caipira/grSim_ws/exemploAula/install/shared_proto/share/shared_proto/package.dsv'
[2.115s] INFO:colcon.colcon_core.shell:Creating package script '/home/viniciuscas/Desktop/dev/carrossel-caipira/grSim_ws/exemploAula/install/shared_proto/share/shared_proto/package.sh'
[2.116s] INFO:colcon.colcon_core.shell:Creating package script '/home/viniciuscas/Desktop/dev/carrossel-caipira/grSim_ws/exemploAula/install/shared_proto/share/shared_proto/package.bash'
[2.116s] INFO:colcon.colcon_core.shell:Creating package script '/home/viniciuscas/Desktop/dev/carrossel-caipira/grSim_ws/exemploAula/install/shared_proto/share/shared_proto/package.zsh'
[2.117s] Level 1:colcon.colcon_core.environment:create_file_with_runtime_dependencies(/home/viniciuscas/Desktop/dev/carrossel-caipira/grSim_ws/exemploAula/install/shared_proto/share/colcon-core/packages/shared_proto)
[2.117s] INFO:colcon.colcon_ros.task.ament_cmake.build:Building ROS package in '/home/viniciuscas/Desktop/dev/carrossel-caipira/grSim_ws/exemploAula/src/grsim_sender' with build type 'ament_cmake'
[2.117s] INFO:colcon.colcon_cmake.task.cmake.build:Building CMake package in '/home/viniciuscas/Desktop/dev/carrossel-caipira/grSim_ws/exemploAula/src/grsim_sender'
[2.118s] INFO:colcon.colcon_core.shell:Skip shell extension 'powershell' for command environment: Not usable outside of PowerShell
[2.118s] DEBUG:colcon.colcon_core.shell:Skip shell extension 'dsv' for command environment
[2.120s] INFO:colcon.colcon_ros.task.ament_cmake.build:Building ROS package in '/home/viniciuscas/Desktop/dev/carrossel-caipira/grSim_ws/exemploAula/src/vision' with build type 'ament_cmake'
[2.120s] INFO:colcon.colcon_cmake.task.cmake.build:Building CMake package in '/home/viniciuscas/Desktop/dev/carrossel-caipira/grSim_ws/exemploAula/src/vision'
[2.121s] INFO:colcon.colcon_core.shell:Skip shell extension 'powershell' for command environment: Not usable outside of PowerShell
[2.121s] DEBUG:colcon.colcon_core.shell:Skip shell extension 'dsv' for command environment
[2.204s] DEBUG:colcon.colcon_core.event_handler.log_command:Invoking command in '/home/viniciuscas/Desktop/dev/carrossel-caipira/grSim_ws/exemploAula/build/grsim_sender': AMENT_PREFIX_PATH=/home/viniciuscas/Desktop/dev/carrossel-caipira/grSim_ws/exemploAula/install/shared_proto:${AMENT_PREFIX_PATH} CMAKE_PREFIX_PATH=/home/viniciuscas/Desktop/dev/carrossel-caipira/grSim_ws/exemploAula/install/shared_proto:/opt/ros/humble /usr/bin/cmake --build /home/viniciuscas/Desktop/dev/carrossel-caipira/grSim_ws/exemploAula/build/grsim_sender -- -j8 -l8
[2.267s] DEBUG:colcon.colcon_core.event_handler.log_command:Invoking command in '/home/viniciuscas/Desktop/dev/carrossel-caipira/grSim_ws/exemploAula/build/vision': AMENT_PREFIX_PATH=/home/viniciuscas/Desktop/dev/carrossel-caipira/grSim_ws/exemploAula/install/shared_proto:${AMENT_PREFIX_PATH} CMAKE_PREFIX_PATH=/home/viniciuscas/Desktop/dev/carrossel-caipira/grSim_ws/exemploAula/install/shared_proto:/opt/ros/humble /usr/bin/cmake --build /home/viniciuscas/Desktop/dev/carrossel-caipira/grSim_ws/exemploAula/build/vision -- -j8 -l8
[8.303s] DEBUG:colcon.colcon_core.event_handler.log_command:Invoked command in '/home/viniciuscas/Desktop/dev/carrossel-caipira/grSim_ws/exemploAula/build/grsim_sender' returned '2': AMENT_PREFIX_PATH=/home/viniciuscas/Desktop/dev/carrossel-caipira/grSim_ws/exemploAula/install/shared_proto:${AMENT_PREFIX_PATH} CMAKE_PREFIX_PATH=/home/viniciuscas/Desktop/dev/carrossel-caipira/grSim_ws/exemploAula/install/shared_proto:/opt/ros/humble /usr/bin/cmake --build /home/viniciuscas/Desktop/dev/carrossel-caipira/grSim_ws/exemploAula/build/grsim_sender -- -j8 -l8
[8.420s] Level 1:colcon.colcon_core.environment:create_environment_scripts_only(grsim_sender)
[8.420s] Level 1:colcon.colcon_core.environment:checking '/home/viniciuscas/Desktop/dev/carrossel-caipira/grSim_ws/exemploAula/install/grsim_sender' for CMake module files
[8.421s] Level 1:colcon.colcon_core.environment:checking '/home/viniciuscas/Desktop/dev/carrossel-caipira/grSim_ws/exemploAula/install/grsim_sender' for CMake config files
[8.421s] Level 1:colcon.colcon_core.shell:create_environment_hook('grsim_sender', 'cmake_prefix_path')
[8.421s] INFO:colcon.colcon_core.shell:Creating environment hook '/home/viniciuscas/Desktop/dev/carrossel-caipira/grSim_ws/exemploAula/install/grsim_sender/share/grsim_sender/hook/cmake_prefix_path.ps1'
[8.422s] INFO:colcon.colcon_core.shell:Creating environment descriptor '/home/viniciuscas/Desktop/dev/carrossel-caipira/grSim_ws/exemploAula/install/grsim_sender/share/grsim_sender/hook/cmake_prefix_path.dsv'
[8.422s] INFO:colcon.colcon_core.shell:Creating environment hook '/home/viniciuscas/Desktop/dev/carrossel-caipira/grSim_ws/exemploAula/install/grsim_sender/share/grsim_sender/hook/cmake_prefix_path.sh'
[8.423s] Level 1:colcon.colcon_core.environment:checking '/home/viniciuscas/Desktop/dev/carrossel-caipira/grSim_ws/exemploAula/install/grsim_sender/lib'
[8.424s] Level 1:colcon.colcon_core.environment:checking '/home/viniciuscas/Desktop/dev/carrossel-caipira/grSim_ws/exemploAula/install/grsim_sender/bin'
[8.424s] Level 1:colcon.colcon_core.environment:checking '/home/viniciuscas/Desktop/dev/carrossel-caipira/grSim_ws/exemploAula/install/grsim_sender/lib/pkgconfig/grsim_sender.pc'
[8.424s] Level 1:colcon.colcon_core.environment:checking '/home/viniciuscas/Desktop/dev/carrossel-caipira/grSim_ws/exemploAula/install/grsim_sender/lib/python3.10/site-packages'
[8.425s] Level 1:colcon.colcon_core.environment:checking '/home/viniciuscas/Desktop/dev/carrossel-caipira/grSim_ws/exemploAula/install/grsim_sender/bin'
[8.425s] INFO:colcon.colcon_core.shell:Creating package script '/home/viniciuscas/Desktop/dev/carrossel-caipira/grSim_ws/exemploAula/install/grsim_sender/share/grsim_sender/package.ps1'
[8.426s] INFO:colcon.colcon_core.shell:Creating package descriptor '/home/viniciuscas/Desktop/dev/carrossel-caipira/grSim_ws/exemploAula/install/grsim_sender/share/grsim_sender/package.dsv'
[8.426s] INFO:colcon.colcon_core.shell:Creating package script '/home/viniciuscas/Desktop/dev/carrossel-caipira/grSim_ws/exemploAula/install/grsim_sender/share/grsim_sender/package.sh'
[8.427s] INFO:colcon.colcon_core.shell:Creating package script '/home/viniciuscas/Desktop/dev/carrossel-caipira/grSim_ws/exemploAula/install/grsim_sender/share/grsim_sender/package.bash'
[8.428s] INFO:colcon.colcon_core.shell:Creating package script '/home/viniciuscas/Desktop/dev/carrossel-caipira/grSim_ws/exemploAula/install/grsim_sender/share/grsim_sender/package.zsh'
[8.428s] Level 1:colcon.colcon_core.environment:create_file_with_runtime_dependencies(/home/viniciuscas/Desktop/dev/carrossel-caipira/grSim_ws/exemploAula/install/grsim_sender/share/colcon-core/packages/grsim_sender)
[8.571s] DEBUG:colcon.colcon_parallel_executor.executor.parallel:closing loop
[8.572s] DEBUG:colcon.colcon_parallel_executor.executor.parallel:loop closed
[8.572s] DEBUG:colcon.colcon_parallel_executor.executor.parallel:run_until_complete finished with '2'
[8.573s] DEBUG:colcon.colcon_core.event_reactor:joining thread
[8.595s] INFO:colcon.colcon_core.plugin_system:Skipping extension 'colcon_notification.desktop_notification.terminal_notifier': Not used on non-Darwin systems
[8.595s] INFO:colcon.colcon_core.plugin_system:Skipping extension 'colcon_notification.desktop_notification.win32': Not used on non-Windows systems
[8.595s] INFO:colcon.colcon_notification.desktop_notification:Sending desktop notification using 'notify2'
[8.727s] DEBUG:colcon.colcon_core.event_reactor:joined thread
[8.728s] INFO:colcon.colcon_core.shell:Creating prefix script '/home/viniciuscas/Desktop/dev/carrossel-caipira/grSim_ws/exemploAula/install/local_setup.ps1'
[8.732s] INFO:colcon.colcon_core.shell:Creating prefix util module '/home/viniciuscas/Desktop/dev/carrossel-caipira/grSim_ws/exemploAula/install/_local_setup_util_ps1.py'
[8.737s] INFO:colcon.colcon_core.shell:Creating prefix chain script '/home/viniciuscas/Desktop/dev/carrossel-caipira/grSim_ws/exemploAula/install/setup.ps1'
[8.740s] INFO:colcon.colcon_core.shell:Creating prefix script '/home/viniciuscas/Desktop/dev/carrossel-caipira/grSim_ws/exemploAula/install/local_setup.sh'
[8.742s] INFO:colcon.colcon_core.shell:Creating prefix util module '/home/viniciuscas/Desktop/dev/carrossel-caipira/grSim_ws/exemploAula/install/_local_setup_util_sh.py'
[8.743s] INFO:colcon.colcon_core.shell:Creating prefix chain script '/home/viniciuscas/Desktop/dev/carrossel-caipira/grSim_ws/exemploAula/install/setup.sh'
[8.745s] INFO:colcon.colcon_core.shell:Creating prefix script '/home/viniciuscas/Desktop/dev/carrossel-caipira/grSim_ws/exemploAula/install/local_setup.bash'
[8.746s] INFO:colcon.colcon_core.shell:Creating prefix chain script '/home/viniciuscas/Desktop/dev/carrossel-caipira/grSim_ws/exemploAula/install/setup.bash'
[8.748s] INFO:colcon.colcon_core.shell:Creating prefix script '/home/viniciuscas/Desktop/dev/carrossel-caipira/grSim_ws/exemploAula/install/local_setup.zsh'
[8.749s] INFO:colcon.colcon_core.shell:Creating prefix chain script '/home/viniciuscas/Desktop/dev/carrossel-caipira/grSim_ws/exemploAula/install/setup.zsh'
